<?xml version="1.0" encoding="UTF-8"?>
<testng-results ignored="0" total="1" passed="1" failed="0" skipped="0">
  <reporter-output>
  </reporter-output>
  <suite started-at="2021-04-20T11:56:19 IST" name="Default suite" finished-at="2021-04-20T11:56:46 IST" duration-ms="27370">
    <groups>
    </groups>
    <test started-at="2021-04-20T11:56:19 IST" name="Default test" finished-at="2021-04-20T11:56:46 IST" duration-ms="27370">
      <class name="com.opencart.tests.TestClass">
        <test-method is-config="true" signature="launchingBrowser()[pri:0, instance:com.opencart.tests.TestClass@29215f06]" started-at="2021-04-20T11:56:19 IST" name="launchingBrowser" finished-at="2021-04-20T11:56:25 IST" duration-ms="6806" status="PASS">
          <reporter-output>
          </reporter-output>
        </test-method> <!-- launchingBrowser -->
        <test-method signature="createAccountDetails()[pri:0, instance:com.opencart.tests.TestClass@29215f06]" started-at="2021-04-20T11:56:25 IST" name="createAccountDetails" finished-at="2021-04-20T11:56:46 IST" duration-ms="20474" status="PASS">
          <reporter-output>
          </reporter-output>
        </test-method> <!-- createAccountDetails -->
      </class> <!-- com.opencart.tests.TestClass -->
    </test> <!-- Default test -->
  </suite> <!-- Default suite -->
</testng-results>
